<?xml version="1.0" encoding="UTF-8"?>
<!-- Generated by org.testng.reporters.JUnitReportReporter -->
<testsuite name="executor.Runner" tests="1" time="27.500" ignored="0" failures="0" timestamp="31 Jan 2020 04:05:44 GMT" skipped="0" hostname="DESKTOP-EL7LPDI" errors="0">
  <testcase name="feature" time="27.500" classname="executor.Runner"/>
</testsuite> <!-- executor.Runner -->
