<?xml version="1.0" encoding="UTF-8"?>
<!-- Generated by org.testng.reporters.JUnitReportReporter -->
<testsuite name="executor.UserRunner" tests="1" time="25.330" ignored="0" failures="0" timestamp="22 Jan 2020 04:51:05 GMT" skipped="0" hostname="DESKTOP-EL7LPDI" errors="0">
  <testcase name="feature" time="25.330" classname="executor.UserRunner"/>
</testsuite> <!-- executor.UserRunner -->
