<?xml version="1.0" encoding="UTF-8"?>
<!-- Generated by org.testng.reporters.JUnitReportReporter -->
<testsuite skipped="0" hostname="DESKTOP-EL7LPDI" name="executor.runner" tests="1" failures="0" timestamp="19 Dec 2019 04:04:19 GMT" time="38.441" errors="0">
  <testcase name="feature" time="38.441" classname="executor.runner"/>
</testsuite> <!-- executor.runner -->
