<?xml version="1.0" encoding="UTF-8"?>
<!-- Generated by org.testng.reporters.JUnitReportReporter -->
<testsuite name="executor.Runner" tests="1" time="14.742" ignored="0" failures="0" timestamp="05 Feb 2020 06:12:48 GMT" skipped="0" hostname="DESKTOP-EL7LPDI" errors="0">
  <testcase name="feature" time="14.742" classname="executor.Runner"/>
</testsuite> <!-- executor.Runner -->
